21:42:11.194 [main] INFO  com.intuit.karate.Runner - using system property 'karate.options': --tags @regression
21:42:11.433 [main] INFO  com.intuit.karate.Runner - using system property 'karate.env': test
21:42:12.120 [main] DEBUG com.intuit.karate.Suite - [config] classpath:karate-config.js
21:42:12.133 [main] DEBUG com.intuit.karate.Suite - waiting for 3 features to complete
21:42:13.378 [pool-1-thread-2] INFO  com.intuit.karate - Environment is:  test 
21:42:13.378 [pool-1-thread-3] INFO  com.intuit.karate - Environment is:  test 
21:42:13.378 [pool-1-thread-1] INFO  com.intuit.karate - Environment is:  test 
21:42:13.378 [pool-1-thread-4] INFO  com.intuit.karate - Environment is:  test 
21:42:13.378 [pool-1-thread-5] INFO  com.intuit.karate - Environment is:  test 
21:42:13.378 [pool-2-thread-1] INFO  com.intuit.karate - Environment is:  test 
21:42:13.915 [pool-1-thread-2] DEBUG com.intuit.karate - request:
1 > GET http://ac2d1a309857a4be4b4bfb891174eeac-685614109.us-east-1.elb.amazonaws.com/products
1 > Host: ac2d1a309857a4be4b4bfb891174eeac-685614109.us-east-1.elb.amazonaws.com
1 > Connection: Keep-Alive
1 > User-Agent: Apache-HttpClient/4.5.13 (Java/11.0.12)
1 > Accept-Encoding: gzip,deflate


21:42:13.915 [pool-1-thread-3] DEBUG com.intuit.karate - request:
1 > GET http://ac2d1a309857a4be4b4bfb891174eeac-685614109.us-east-1.elb.amazonaws.com/products/123
1 > Content-Type: text/plain; charset=UTF-8
1 > Content-Length: 5
1 > Host: ac2d1a309857a4be4b4bfb891174eeac-685614109.us-east-1.elb.amazonaws.com
1 > Connection: Keep-Alive
1 > User-Agent: Apache-HttpClient/4.5.13 (Java/11.0.12)
1 > Accept-Encoding: gzip,deflate
"123"

21:42:13.915 [pool-1-thread-1] DEBUG com.intuit.karate - request:
1 > POST http://ac2d1a309857a4be4b4bfb891174eeac-685614109.us-east-1.elb.amazonaws.com/orders
1 > Content-Type: application/json; charset=UTF-8
1 > Content-Length: 19
1 > Host: ac2d1a309857a4be4b4bfb891174eeac-685614109.us-east-1.elb.amazonaws.com
1 > Connection: Keep-Alive
1 > User-Agent: Apache-HttpClient/4.5.13 (Java/11.0.12)
1 > Accept-Encoding: gzip,deflate
["123","321","111"]

21:42:13.915 [pool-1-thread-5] DEBUG com.intuit.karate - request:
1 > GET http://ac2d1a309857a4be4b4bfb891174eeac-685614109.us-east-1.elb.amazonaws.com/products/111
1 > Content-Type: text/plain; charset=UTF-8
1 > Content-Length: 5
1 > Host: ac2d1a309857a4be4b4bfb891174eeac-685614109.us-east-1.elb.amazonaws.com
1 > Connection: Keep-Alive
1 > User-Agent: Apache-HttpClient/4.5.13 (Java/11.0.12)
1 > Accept-Encoding: gzip,deflate
"111"

21:42:13.915 [pool-1-thread-4] DEBUG com.intuit.karate - request:
1 > GET http://ac2d1a309857a4be4b4bfb891174eeac-685614109.us-east-1.elb.amazonaws.com/products/321
1 > Content-Type: text/plain; charset=UTF-8
1 > Content-Length: 5
1 > Host: ac2d1a309857a4be4b4bfb891174eeac-685614109.us-east-1.elb.amazonaws.com
1 > Connection: Keep-Alive
1 > User-Agent: Apache-HttpClient/4.5.13 (Java/11.0.12)
1 > Accept-Encoding: gzip,deflate
"321"

21:42:14.327 [pool-1-thread-5] DEBUG com.intuit.karate - response time in milliseconds: 407
1 < 200
1 < Date: Mon, 06 Dec 2021 00:42:10 GMT
1 < Content-Type: application/json
1 < Transfer-Encoding: chunked
1 < Connection: keep-alive
{"id":"111","name":"Producto 111","stock":10,"description":"Este es un producto"}
21:42:14.327 [pool-1-thread-2] DEBUG com.intuit.karate - response time in milliseconds: 408
1 < 200
1 < Date: Mon, 06 Dec 2021 00:42:10 GMT
1 < Content-Type: application/json
1 < Transfer-Encoding: chunked
1 < Connection: keep-alive
[{"id":"111","name":"Producto 111","stock":10,"description":"Este es un producto"},{"id":"123","name":"Producto 123","stock":10,"description":"Este es un producto"},{"id":"321","name":"Producto 321","stock":10,"description":"Este es un producto"}]
21:42:14.327 [pool-1-thread-3] DEBUG com.intuit.karate - response time in milliseconds: 407
1 < 200
1 < Date: Mon, 06 Dec 2021 00:42:10 GMT
1 < Content-Type: application/json
1 < Transfer-Encoding: chunked
1 < Connection: keep-alive
{"id":"123","name":"Producto 123","stock":10,"description":"Este es un producto"}
21:42:14.327 [pool-1-thread-4] DEBUG com.intuit.karate - response time in milliseconds: 407
1 < 200
1 < Date: Mon, 06 Dec 2021 00:42:10 GMT
1 < Content-Type: application/json
1 < Transfer-Encoding: chunked
1 < Connection: keep-alive
{"id":"321","name":"Producto 321","stock":10,"description":"Este es un producto"}
21:42:14.353 [pool-1-thread-2] INFO  com.intuit.karate - Environment is:  test 
21:42:14.371 [pool-1-thread-3] INFO  com.intuit.karate - Environment is:  test 
21:42:14.371 [pool-1-thread-4] INFO  com.intuit.karate - Environment is:  test 
21:42:14.380 [pool-1-thread-5] INFO  com.intuit.karate - Environment is:  test 
21:42:14.389 [pool-1-thread-5] DEBUG com.intuit.karate - request:
1 > GET http://ac2d1a309857a4be4b4bfb891174eeac-685614109.us-east-1.elb.amazonaws.com/shipping/a
1 > Content-Type: text/plain; charset=UTF-8
1 > Content-Length: 3
1 > Host: ac2d1a309857a4be4b4bfb891174eeac-685614109.us-east-1.elb.amazonaws.com
1 > Connection: Keep-Alive
1 > User-Agent: Apache-HttpClient/4.5.13 (Java/11.0.12)
1 > Accept-Encoding: gzip,deflate
"a"

21:42:14.401 [pool-1-thread-2] DEBUG com.intuit.karate - request:
1 > GET http://ac2d1a309857a4be4b4bfb891174eeac-685614109.us-east-1.elb.amazonaws.com/products/123
1 > Content-Type: text/plain; charset=UTF-8
1 > Content-Length: 3
1 > Host: ac2d1a309857a4be4b4bfb891174eeac-685614109.us-east-1.elb.amazonaws.com
1 > Connection: Keep-Alive
1 > User-Agent: Apache-HttpClient/4.5.13 (Java/11.0.12)
1 > Accept-Encoding: gzip,deflate
123

21:42:14.402 [pool-1-thread-3] DEBUG com.intuit.karate - request:
1 > GET http://ac2d1a309857a4be4b4bfb891174eeac-685614109.us-east-1.elb.amazonaws.com/products/321
1 > Content-Type: text/plain; charset=UTF-8
1 > Content-Length: 3
1 > Host: ac2d1a309857a4be4b4bfb891174eeac-685614109.us-east-1.elb.amazonaws.com
1 > Connection: Keep-Alive
1 > User-Agent: Apache-HttpClient/4.5.13 (Java/11.0.12)
1 > Accept-Encoding: gzip,deflate
321

21:42:14.405 [pool-1-thread-4] DEBUG com.intuit.karate - request:
1 > GET http://ac2d1a309857a4be4b4bfb891174eeac-685614109.us-east-1.elb.amazonaws.com/products/111
1 > Content-Type: text/plain; charset=UTF-8
1 > Content-Length: 3
1 > Host: ac2d1a309857a4be4b4bfb891174eeac-685614109.us-east-1.elb.amazonaws.com
1 > Connection: Keep-Alive
1 > User-Agent: Apache-HttpClient/4.5.13 (Java/11.0.12)
1 > Accept-Encoding: gzip,deflate
111

21:42:14.414 [pool-1-thread-1] DEBUG com.intuit.karate - response time in milliseconds: 498
1 < 200
1 < Date: Mon, 06 Dec 2021 00:42:10 GMT
1 < Content-Type: application/json
1 < Transfer-Encoding: chunked
1 < Connection: keep-alive
{"orderId":"e134eea0-aa71-42b0-91cc-5348dd80ca6b","success":false,"description":"No money."}
21:42:14.417 [pool-1-thread-1] INFO  com.intuit.karate - [print] {
  "orderId": "e134eea0-aa71-42b0-91cc-5348dd80ca6b",
  "success": false,
  "description": "No money."
}
 
21:42:14.431 [pool-1-thread-1] INFO  com.intuit.karate - Environment is:  test 
21:42:14.438 [pool-1-thread-1] DEBUG com.intuit.karate - request:
1 > GET http://ac2d1a309857a4be4b4bfb891174eeac-685614109.us-east-1.elb.amazonaws.com/shipping/b
1 > Content-Type: text/plain; charset=UTF-8
1 > Content-Length: 3
1 > Host: ac2d1a309857a4be4b4bfb891174eeac-685614109.us-east-1.elb.amazonaws.com
1 > Connection: Keep-Alive
1 > User-Agent: Apache-HttpClient/4.5.13 (Java/11.0.12)
1 > Accept-Encoding: gzip,deflate
"b"

21:42:14.691 [pool-1-thread-5] DEBUG com.intuit.karate - response time in milliseconds: 301
1 < 200
1 < Date: Mon, 06 Dec 2021 00:42:10 GMT
1 < Content-Type: application/json
1 < Transfer-Encoding: chunked
1 < Connection: keep-alive
{"status":"Delivered","id":"a"}
21:42:14.702 [pool-1-thread-5] INFO  com.intuit.karate - Environment is:  test 
21:42:14.707 [pool-1-thread-5] DEBUG com.intuit.karate - request:
1 > GET http://ac2d1a309857a4be4b4bfb891174eeac-685614109.us-east-1.elb.amazonaws.com/shipping/c
1 > Content-Type: text/plain; charset=UTF-8
1 > Content-Length: 3
1 > Host: ac2d1a309857a4be4b4bfb891174eeac-685614109.us-east-1.elb.amazonaws.com
1 > Connection: Keep-Alive
1 > User-Agent: Apache-HttpClient/4.5.13 (Java/11.0.12)
1 > Accept-Encoding: gzip,deflate
"c"

21:42:14.709 [pool-1-thread-2] DEBUG com.intuit.karate - response time in milliseconds: 307
1 < 200
1 < Date: Mon, 06 Dec 2021 00:42:10 GMT
1 < Content-Type: application/json
1 < Transfer-Encoding: chunked
1 < Connection: keep-alive
{"id":"123","name":"Producto 123","stock":10,"description":"Este es un producto"}
21:42:14.709 [pool-1-thread-3] DEBUG com.intuit.karate - response time in milliseconds: 306
1 < 200
1 < Date: Mon, 06 Dec 2021 00:42:10 GMT
1 < Content-Type: application/json
1 < Transfer-Encoding: chunked
1 < Connection: keep-alive
{"id":"321","name":"Producto 321","stock":10,"description":"Este es un producto"}
21:42:14.709 [pool-1-thread-4] DEBUG com.intuit.karate - response time in milliseconds: 304
1 < 200
1 < Date: Mon, 06 Dec 2021 00:42:10 GMT
1 < Content-Type: application/json
1 < Transfer-Encoding: chunked
1 < Connection: keep-alive
{"id":"111","name":"Producto 111","stock":10,"description":"Este es un producto"}
21:42:14.753 [pool-1-thread-1] DEBUG com.intuit.karate - response time in milliseconds: 315
1 < 200
1 < Date: Mon, 06 Dec 2021 00:42:10 GMT
1 < Content-Type: application/json
1 < Transfer-Encoding: chunked
1 < Connection: keep-alive
{"status":"In transit","id":"b"}
21:42:14.996 [pool-1-thread-5] DEBUG com.intuit.karate - response time in milliseconds: 288
1 < 200
1 < Date: Mon, 06 Dec 2021 00:42:11 GMT
1 < Content-Type: application/json
1 < Transfer-Encoding: chunked
1 < Connection: keep-alive
{"status":"Preparing","id":"c"}
21:42:15.194 [pool-2-thread-1] INFO  com.intuit.karate.Suite - <<pass>> feature 1 of 3 (2 remaining) classpath:tests/ordersServiceTest.feature
21:42:15.453 [pool-2-thread-1] INFO  com.intuit.karate.Suite - <<pass>> feature 2 of 3 (1 remaining) classpath:tests/productsServiceTest.feature
21:42:15.651 [pool-2-thread-1] INFO  com.intuit.karate.Suite - <<pass>> feature 3 of 3 (0 remaining) classpath:tests/shippingServiceTest.feature
